[2025-05-06 13:21:37] local.INFO: All chart accounts for business 2: [{"id":24,"account_code":"20043","name":"Head Office","category_id":1,"description":"asdf","is_active":true,"created_by":1,"business_id":2,"created_at":"2025-05-06T12:57:15.000000Z","updated_at":"2025-05-06T12:57:15.000000Z"},{"id":25,"account_code":"324324","name":"Erfan Ali","category_id":2,"description":"sdfgsdfg","is_active":true,"created_by":1,"business_id":2,"created_at":"2025-05-06T13:00:34.000000Z","updated_at":"2025-05-06T13:00:34.000000Z"}] 
[2025-05-06 13:21:37] local.INFO: Asset categories for business 2:  
[2025-05-06 13:21:37] local.INFO: Found 1 chart accounts for business ID: 2  
[2025-05-06 13:21:53] local.ERROR: Bank Account Creation Error: SQLSTATE[23000]: Integrity constraint violation: 19 UNIQUE constraint failed: chart_of_accounts.account_code (Connection: sqlite, SQL: insert into "chart_of_accounts" ("account_code", "name", "category_id", "description", "is_active", "business_id", "created_by", "updated_at", "created_at") values (3000, Opening Balance Equity, 6, Account for initial balances, 1, 2, 1, 2025-05-06 13:21:53, 2025-05-06 13:21:53)) {"trace":"#0 C:\\Code\\Mousumi\\accounting-app\\vendor\\laravel\\framework\\src\\Illuminate\\Database\\Connection.php(776): Illuminate\\Database\\Connection->runQueryCallback('insert into \"ch...', Array, Object(Closure))
#1 C:\\Code\\Mousumi\\accounting-app\\vendor\\laravel\\framework\\src\\Illuminate\\Database\\Connection.php(557): Illuminate\\Database\\Connection->run('insert into \"ch...', Array, Object(Closure))
#2 C:\\Code\\Mousumi\\accounting-app\\vendor\\laravel\\framework\\src\\Illuminate\\Database\\Connection.php(521): Illuminate\\Database\\Connection->statement('insert into \"ch...', Array)
#3 C:\\Code\\Mousumi\\accounting-app\\vendor\\laravel\\framework\\src\\Illuminate\\Database\\Query\\Processors\\Processor.php(32): Illuminate\\Database\\Connection->insert('insert into \"ch...', Array)
#4 C:\\Code\\Mousumi\\accounting-app\\vendor\\laravel\\framework\\src\\Illuminate\\Database\\Query\\Builder.php(3779): Illuminate\\Database\\Query\\Processors\\Processor->processInsertGetId(Object(Illuminate\\Database\\Query\\Builder), 'insert into \"ch...', Array, 'id')
#5 C:\\Code\\Mousumi\\accounting-app\\vendor\\laravel\\framework\\src\\Illuminate\\Database\\Eloquent\\Builder.php(2204): Illuminate\\Database\\Query\\Builder->insertGetId(Array, 'id')
#6 C:\\Code\\Mousumi\\accounting-app\\vendor\\laravel\\framework\\src\\Illuminate\\Database\\Eloquent\\Model.php(1408): Illuminate\\Database\\Eloquent\\Builder->__call('insertGetId', Array)
#7 C:\\Code\\Mousumi\\accounting-app\\vendor\\laravel\\framework\\src\\Illuminate\\Database\\Eloquent\\Model.php(1373): Illuminate\\Database\\Eloquent\\Model->insertAndSetId(Object(Illuminate\\Database\\Eloquent\\Builder), Array)
#8 C:\\Code\\Mousumi\\accounting-app\\vendor\\laravel\\framework\\src\\Illuminate\\Database\\Eloquent\\Model.php(1212): Illuminate\\Database\\Eloquent\\Model->performInsert(Object(Illuminate\\Database\\Eloquent\\Builder))
#9 C:\\Code\\Mousumi\\accounting-app\\vendor\\laravel\\framework\\src\\Illuminate\\Database\\Eloquent\\Builder.php(1188): Illuminate\\Database\\Eloquent\\Model->save()
#10 C:\\Code\\Mousumi\\accounting-app\\vendor\\laravel\\framework\\src\\Illuminate\\Support\\helpers.php(399): Illuminate\\Database\\Eloquent\\Builder->Illuminate\\Database\\Eloquent\\{closure}(Object(App\\Models\\ChartOfAccount))
#11 C:\\Code\\Mousumi\\accounting-app\\vendor\\laravel\\framework\\src\\Illuminate\\Database\\Eloquent\\Builder.php(1187): tap(Object(App\\Models\\ChartOfAccount), Object(Closure))
#12 C:\\Code\\Mousumi\\accounting-app\\vendor\\laravel\\framework\\src\\Illuminate\\Support\\Traits\\ForwardsCalls.php(23): Illuminate\\Database\\Eloquent\\Builder->create(Array)
#13 C:\\Code\\Mousumi\\accounting-app\\vendor\\laravel\\framework\\src\\Illuminate\\Database\\Eloquent\\Model.php(2449): Illuminate\\Database\\Eloquent\\Model->forwardCallTo(Object(Illuminate\\Database\\Eloquent\\Builder), 'create', Array)
#14 C:\\Code\\Mousumi\\accounting-app\\vendor\\laravel\\framework\\src\\Illuminate\\Database\\Eloquent\\Model.php(2465): Illuminate\\Database\\Eloquent\\Model->__call('create', Array)
#15 C:\\Code\\Mousumi\\accounting-app\\app\\Http\\Controllers\\BankAccountController.php(272): Illuminate\\Database\\Eloquent\\Model::__callStatic('create', Array)
#16 C:\\Code\\Mousumi\\accounting-app\\vendor\\laravel\\framework\\src\\Illuminate\\Routing\\ControllerDispatcher.php(46): App\\Http\\Controllers\\BankAccountController->store(Object(Illuminate\\Http\\Request))
#17 C:\\Code\\Mousumi\\accounting-app\\vendor\\laravel\\framework\\src\\Illuminate\\Routing\\Route.php(265): Illuminate\\Routing\\ControllerDispatcher->dispatch(Object(Illuminate\\Routing\\Route), Object(App\\Http\\Controllers\\BankAccountController), 'store')
#18 C:\\Code\\Mousumi\\accounting-app\\vendor\\laravel\\framework\\src\\Illuminate\\Routing\\Route.php(211): Illuminate\\Routing\\Route->runController()
#19 C:\\Code\\Mousumi\\accounting-app\\vendor\\laravel\\framework\\src\\Illuminate\\Routing\\Router.php(808): Illuminate\\Routing\\Route->run()
#20 C:\\Code\\Mousumi\\accounting-app\\vendor\\laravel\\framework\\src\\Illuminate\\Pipeline\\Pipeline.php(169): Illuminate\\Routing\\Router->Illuminate\\Routing\\{closure}(Object(Illuminate\\Http\\Request))
#21 C:\\Code\\Mousumi\\accounting-app\\app\\Http\\Middleware\\RoleMiddleware.php(29): Illuminate\\Pipeline\\Pipeline->Illuminate\\Pipeline\\{closure}(Object(Illuminate\\Http\\Request))
#22 C:\\Code\\Mousumi\\accounting-app\\vendor\\laravel\\framework\\src\\Illuminate\\Pipeline\\Pipeline.php(208): App\\Http\\Middleware\\RoleMiddleware->handle(Object(Illuminate\\Http\\Request), Object(Closure), 'admin', 'accountant')
#23 C:\\Code\\Mousumi\\accounting-app\\app\\Http\\Middleware\\BusinessMiddleware.php(36): Illuminate\\Pipeline\\Pipeline->Illuminate\\Pipeline\\{closure}(Object(Illuminate\\Http\\Request))
#24 C:\\Code\\Mousumi\\accounting-app\\vendor\\laravel\\framework\\src\\Illuminate\\Pipeline\\Pipeline.php(208): App\\Http\\Middleware\\BusinessMiddleware->handle(Object(Illuminate\\Http\\Request), Object(Closure))
#25 C:\\Code\\Mousumi\\accounting-app\\vendor\\laravel\\framework\\src\\Illuminate\\Http\\Middleware\\AddLinkHeadersForPreloadedAssets.php(32): Illuminate\\Pipeline\\Pipeline->Illuminate\\Pipeline\\{closure}(Object(Illuminate\\Http\\Request))
#26 C:\\Code\\Mousumi\\accounting-app\\vendor\\laravel\\framework\\src\\Illuminate\\Pipeline\\Pipeline.php(208): Illuminate\\Http\\Middleware\\AddLinkHeadersForPreloadedAssets->handle(Object(Illuminate\\Http\\Request), Object(Closure))
#27 C:\\Code\\Mousumi\\accounting-app\\vendor\\inertiajs\\inertia-laravel\\src\\Middleware.php(86): Illuminate\\Pipeline\\Pipeline->Illuminate\\Pipeline\\{closure}(Object(Illuminate\\Http\\Request))
#28 C:\\Code\\Mousumi\\accounting-app\\vendor\\laravel\\framework\\src\\Illuminate\\Pipeline\\Pipeline.php(208): Inertia\\Middleware->handle(Object(Illuminate\\Http\\Request), Object(Closure))
#29 C:\\Code\\Mousumi\\accounting-app\\app\\Http\\Middleware\\HandleAppearance.php(21): Illuminate\\Pipeline\\Pipeline->Illuminate\\Pipeline\\{closure}(Object(Illuminate\\Http\\Request))
#30 C:\\Code\\Mousumi\\accounting-app\\vendor\\laravel\\framework\\src\\Illuminate\\Pipeline\\Pipeline.php(208): App\\Http\\Middleware\\HandleAppearance->handle(Object(Illuminate\\Http\\Request), Object(Closure))
#31 C:\\Code\\Mousumi\\accounting-app\\vendor\\laravel\\framework\\src\\Illuminate\\Routing\\Middleware\\SubstituteBindings.php(50): Illuminate\\Pipeline\\Pipeline->Illuminate\\Pipeline\\{closure}(Object(Illuminate\\Http\\Request))
#32 C:\\Code\\Mousumi\\accounting-app\\vendor\\laravel\\framework\\src\\Illuminate\\Pipeline\\Pipeline.php(208): Illuminate\\Routing\\Middleware\\SubstituteBindings->handle(Object(Illuminate\\Http\\Request), Object(Closure))
#33 C:\\Code\\Mousumi\\accounting-app\\vendor\\laravel\\framework\\src\\Illuminate\\Auth\\Middleware\\Authenticate.php(63): Illuminate\\Pipeline\\Pipeline->Illuminate\\Pipeline\\{closure}(Object(Illuminate\\Http\\Request))
#34 C:\\Code\\Mousumi\\accounting-app\\vendor\\laravel\\framework\\src\\Illuminate\\Pipeline\\Pipeline.php(208): Illuminate\\Auth\\Middleware\\Authenticate->handle(Object(Illuminate\\Http\\Request), Object(Closure))
#35 C:\\Code\\Mousumi\\accounting-app\\vendor\\laravel\\framework\\src\\Illuminate\\Foundation\\Http\\Middleware\\VerifyCsrfToken.php(87): Illuminate\\Pipeline\\Pipeline->Illuminate\\Pipeline\\{closure}(Object(Illuminate\\Http\\Request))
#36 C:\\Code\\Mousumi\\accounting-app\\vendor\\laravel\\framework\\src\\Illuminate\\Pipeline\\Pipeline.php(208): Illuminate\\Foundation\\Http\\Middleware\\VerifyCsrfToken->handle(Object(Illuminate\\Http\\Request), Object(Closure))
#37 C:\\Code\\Mousumi\\accounting-app\\vendor\\laravel\\framework\\src\\Illuminate\\View\\Middleware\\ShareErrorsFromSession.php(48): Illuminate\\Pipeline\\Pipeline->Illuminate\\Pipeline\\{closure}(Object(Illuminate\\Http\\Request))
#38 C:\\Code\\Mousumi\\accounting-app\\vendor\\laravel\\framework\\src\\Illuminate\\Pipeline\\Pipeline.php(208): Illuminate\\View\\Middleware\\ShareErrorsFromSession->handle(Object(Illuminate\\Http\\Request), Object(Closure))
#39 C:\\Code\\Mousumi\\accounting-app\\vendor\\laravel\\framework\\src\\Illuminate\\Session\\Middleware\\StartSession.php(120): Illuminate\\Pipeline\\Pipeline->Illuminate\\Pipeline\\{closure}(Object(Illuminate\\Http\\Request))
#40 C:\\Code\\Mousumi\\accounting-app\\vendor\\laravel\\framework\\src\\Illuminate\\Session\\Middleware\\StartSession.php(63): Illuminate\\Session\\Middleware\\StartSession->handleStatefulRequest(Object(Illuminate\\Http\\Request), Object(Illuminate\\Session\\Store), Object(Closure))
#41 C:\\Code\\Mousumi\\accounting-app\\vendor\\laravel\\framework\\src\\Illuminate\\Pipeline\\Pipeline.php(208): Illuminate\\Session\\Middleware\\StartSession->handle(Object(Illuminate\\Http\\Request), Object(Closure))
#42 C:\\Code\\Mousumi\\accounting-app\\vendor\\laravel\\framework\\src\\Illuminate\\Cookie\\Middleware\\AddQueuedCookiesToResponse.php(36): Illuminate\\Pipeline\\Pipeline->Illuminate\\Pipeline\\{closure}(Object(Illuminate\\Http\\Request))
#43 C:\\Code\\Mousumi\\accounting-app\\vendor\\laravel\\framework\\src\\Illuminate\\Pipeline\\Pipeline.php(208): Illuminate\\Cookie\\Middleware\\AddQueuedCookiesToResponse->handle(Object(Illuminate\\Http\\Request), Object(Closure))
#44 C:\\Code\\Mousumi\\accounting-app\\vendor\\laravel\\framework\\src\\Illuminate\\Cookie\\Middleware\\EncryptCookies.php(74): Illuminate\\Pipeline\\Pipeline->Illuminate\\Pipeline\\{closure}(Object(Illuminate\\Http\\Request))
#45 C:\\Code\\Mousumi\\accounting-app\\vendor\\laravel\\framework\\src\\Illuminate\\Pipeline\\Pipeline.php(208): Illuminate\\Cookie\\Middleware\\EncryptCookies->handle(Object(Illuminate\\Http\\Request), Object(Closure))
#46 C:\\Code\\Mousumi\\accounting-app\\vendor\\laravel\\framework\\src\\Illuminate\\Pipeline\\Pipeline.php(126): Illuminate\\Pipeline\\Pipeline->Illuminate\\Pipeline\\{closure}(Object(Illuminate\\Http\\Request))
#47 C:\\Code\\Mousumi\\accounting-app\\vendor\\laravel\\framework\\src\\Illuminate\\Routing\\Router.php(807): Illuminate\\Pipeline\\Pipeline->then(Object(Closure))
#48 C:\\Code\\Mousumi\\accounting-app\\vendor\\laravel\\framework\\src\\Illuminate\\Routing\\Router.php(786): Illuminate\\Routing\\Router->runRouteWithinStack(Object(Illuminate\\Routing\\Route), Object(Illuminate\\Http\\Request))
#49 C:\\Code\\Mousumi\\accounting-app\\vendor\\laravel\\framework\\src\\Illuminate\\Routing\\Router.php(750): Illuminate\\Routing\\Router->runRoute(Object(Illuminate\\Http\\Request), Object(Illuminate\\Routing\\Route))
#50 C:\\Code\\Mousumi\\accounting-app\\vendor\\laravel\\framework\\src\\Illuminate\\Routing\\Router.php(739): Illuminate\\Routing\\Router->dispatchToRoute(Object(Illuminate\\Http\\Request))
#51 C:\\Code\\Mousumi\\accounting-app\\vendor\\laravel\\framework\\src\\Illuminate\\Foundation\\Http\\Kernel.php(200): Illuminate\\Routing\\Router->dispatch(Object(Illuminate\\Http\\Request))
#52 C:\\Code\\Mousumi\\accounting-app\\vendor\\laravel\\framework\\src\\Illuminate\\Pipeline\\Pipeline.php(169): Illuminate\\Foundation\\Http\\Kernel->Illuminate\\Foundation\\Http\\{closure}(Object(Illuminate\\Http\\Request))
#53 C:\\Code\\Mousumi\\accounting-app\\vendor\\laravel\\framework\\src\\Illuminate\\Foundation\\Http\\Middleware\\TransformsRequest.php(21): Illuminate\\Pipeline\\Pipeline->Illuminate\\Pipeline\\{closure}(Object(Illuminate\\Http\\Request))
#54 C:\\Code\\Mousumi\\accounting-app\\vendor\\laravel\\framework\\src\\Illuminate\\Foundation\\Http\\Middleware\\ConvertEmptyStringsToNull.php(31): Illuminate\\Foundation\\Http\\Middleware\\TransformsRequest->handle(Object(Illuminate\\Http\\Request), Object(Closure))
#55 C:\\Code\\Mousumi\\accounting-app\\vendor\\laravel\\framework\\src\\Illuminate\\Pipeline\\Pipeline.php(208): Illuminate\\Foundation\\Http\\Middleware\\ConvertEmptyStringsToNull->handle(Object(Illuminate\\Http\\Request), Object(Closure))
#56 C:\\Code\\Mousumi\\accounting-app\\vendor\\laravel\\framework\\src\\Illuminate\\Foundation\\Http\\Middleware\\TransformsRequest.php(21): Illuminate\\Pipeline\\Pipeline->Illuminate\\Pipeline\\{closure}(Object(Illuminate\\Http\\Request))
#57 C:\\Code\\Mousumi\\accounting-app\\vendor\\laravel\\framework\\src\\Illuminate\\Foundation\\Http\\Middleware\\TrimStrings.php(51): Illuminate\\Foundation\\Http\\Middleware\\TransformsRequest->handle(Object(Illuminate\\Http\\Request), Object(Closure))
#58 C:\\Code\\Mousumi\\accounting-app\\vendor\\laravel\\framework\\src\\Illuminate\\Pipeline\\Pipeline.php(208): Illuminate\\Foundation\\Http\\Middleware\\TrimStrings->handle(Object(Illuminate\\Http\\Request), Object(Closure))
#59 C:\\Code\\Mousumi\\accounting-app\\vendor\\laravel\\framework\\src\\Illuminate\\Http\\Middleware\\ValidatePostSize.php(27): Illuminate\\Pipeline\\Pipeline->Illuminate\\Pipeline\\{closure}(Object(Illuminate\\Http\\Request))
#60 C:\\Code\\Mousumi\\accounting-app\\vendor\\laravel\\framework\\src\\Illuminate\\Pipeline\\Pipeline.php(208): Illuminate\\Http\\Middleware\\ValidatePostSize->handle(Object(Illuminate\\Http\\Request), Object(Closure))
#61 C:\\Code\\Mousumi\\accounting-app\\vendor\\laravel\\framework\\src\\Illuminate\\Foundation\\Http\\Middleware\\PreventRequestsDuringMaintenance.php(109): Illuminate\\Pipeline\\Pipeline->Illuminate\\Pipeline\\{closure}(Object(Illuminate\\Http\\Request))
#62 C:\\Code\\Mousumi\\accounting-app\\vendor\\laravel\\framework\\src\\Illuminate\\Pipeline\\Pipeline.php(208): Illuminate\\Foundation\\Http\\Middleware\\PreventRequestsDuringMaintenance->handle(Object(Illuminate\\Http\\Request), Object(Closure))
#63 C:\\Code\\Mousumi\\accounting-app\\vendor\\laravel\\framework\\src\\Illuminate\\Http\\Middleware\\HandleCors.php(48): Illuminate\\Pipeline\\Pipeline->Illuminate\\Pipeline\\{closure}(Object(Illuminate\\Http\\Request))
#64 C:\\Code\\Mousumi\\accounting-app\\vendor\\laravel\\framework\\src\\Illuminate\\Pipeline\\Pipeline.php(208): Illuminate\\Http\\Middleware\\HandleCors->handle(Object(Illuminate\\Http\\Request), Object(Closure))
#65 C:\\Code\\Mousumi\\accounting-app\\vendor\\laravel\\framework\\src\\Illuminate\\Http\\Middleware\\TrustProxies.php(58): Illuminate\\Pipeline\\Pipeline->Illuminate\\Pipeline\\{closure}(Object(Illuminate\\Http\\Request))
#66 C:\\Code\\Mousumi\\accounting-app\\vendor\\laravel\\framework\\src\\Illuminate\\Pipeline\\Pipeline.php(208): Illuminate\\Http\\Middleware\\TrustProxies->handle(Object(Illuminate\\Http\\Request), Object(Closure))
#67 C:\\Code\\Mousumi\\accounting-app\\vendor\\laravel\\framework\\src\\Illuminate\\Foundation\\Http\\Middleware\\InvokeDeferredCallbacks.php(22): Illuminate\\Pipeline\\Pipeline->Illuminate\\Pipeline\\{closure}(Object(Illuminate\\Http\\Request))
#68 C:\\Code\\Mousumi\\accounting-app\\vendor\\laravel\\framework\\src\\Illuminate\\Pipeline\\Pipeline.php(208): Illuminate\\Foundation\\Http\\Middleware\\InvokeDeferredCallbacks->handle(Object(Illuminate\\Http\\Request), Object(Closure))
#69 C:\\Code\\Mousumi\\accounting-app\\vendor\\laravel\\framework\\src\\Illuminate\\Http\\Middleware\\ValidatePathEncoding.php(26): Illuminate\\Pipeline\\Pipeline->Illuminate\\Pipeline\\{closure}(Object(Illuminate\\Http\\Request))
#70 C:\\Code\\Mousumi\\accounting-app\\vendor\\laravel\\framework\\src\\Illuminate\\Pipeline\\Pipeline.php(208): Illuminate\\Http\\Middleware\\ValidatePathEncoding->handle(Object(Illuminate\\Http\\Request), Object(Closure))
#71 C:\\Code\\Mousumi\\accounting-app\\vendor\\laravel\\framework\\src\\Illuminate\\Pipeline\\Pipeline.php(126): Illuminate\\Pipeline\\Pipeline->Illuminate\\Pipeline\\{closure}(Object(Illuminate\\Http\\Request))
#72 C:\\Code\\Mousumi\\accounting-app\\vendor\\laravel\\framework\\src\\Illuminate\\Foundation\\Http\\Kernel.php(175): Illuminate\\Pipeline\\Pipeline->then(Object(Closure))
#73 C:\\Code\\Mousumi\\accounting-app\\vendor\\laravel\\framework\\src\\Illuminate\\Foundation\\Http\\Kernel.php(144): Illuminate\\Foundation\\Http\\Kernel->sendRequestThroughRouter(Object(Illuminate\\Http\\Request))
#74 C:\\Code\\Mousumi\\accounting-app\\vendor\\laravel\\framework\\src\\Illuminate\\Foundation\\Application.php(1219): Illuminate\\Foundation\\Http\\Kernel->handle(Object(Illuminate\\Http\\Request))
#75 C:\\Code\\Mousumi\\accounting-app\\public\\index.php(20): Illuminate\\Foundation\\Application->handleRequest(Object(Illuminate\\Http\\Request))
#76 C:\\Code\\Mousumi\\accounting-app\\vendor\\laravel\\framework\\src\\Illuminate\\Foundation\\resources\\server.php(23): require_once('C:\\\\Code\\\\Mousumi...')
#77 {main}","request":{"account_name":"ssdfgsdg","account_number":"435435","bank_name":"345345","branch_name":"345345","swift_code":"345","routing_number":"345345345","address":"sdfgfdsg","contact_person":"345345345345","contact_number":"345345","account_id":"24","is_active":true,"initial_balance":"435345","business_id":2},"user_id":1,"business_id":2} 
[2025-05-06 13:21:53] local.INFO: All chart accounts for business 2: [{"id":24,"account_code":"20043","name":"Head Office","category_id":1,"description":"asdf","is_active":true,"created_by":1,"business_id":2,"created_at":"2025-05-06T12:57:15.000000Z","updated_at":"2025-05-06T12:57:15.000000Z"},{"id":25,"account_code":"324324","name":"Erfan Ali","category_id":2,"description":"sdfgsdfg","is_active":true,"created_by":1,"business_id":2,"created_at":"2025-05-06T13:00:34.000000Z","updated_at":"2025-05-06T13:00:34.000000Z"}] 
[2025-05-06 13:21:53] local.INFO: Asset categories for business 2:  
[2025-05-06 13:21:53] local.INFO: Found 1 chart accounts for business ID: 2  
[2025-05-06 13:21:54] local.INFO: All chart accounts for business 2: [{"id":24,"account_code":"20043","name":"Head Office","category_id":1,"description":"asdf","is_active":true,"created_by":1,"business_id":2,"created_at":"2025-05-06T12:57:15.000000Z","updated_at":"2025-05-06T12:57:15.000000Z"},{"id":25,"account_code":"324324","name":"Erfan Ali","category_id":2,"description":"sdfgsdfg","is_active":true,"created_by":1,"business_id":2,"created_at":"2025-05-06T13:00:34.000000Z","updated_at":"2025-05-06T13:00:34.000000Z"}] 
[2025-05-06 13:21:54] local.INFO: Asset categories for business 2:  
[2025-05-06 13:21:54] local.INFO: Found 1 chart accounts for business ID: 2  
[2025-05-06 13:21:54] local.INFO: All chart accounts for business 2: [{"id":24,"account_code":"20043","name":"Head Office","category_id":1,"description":"asdf","is_active":true,"created_by":1,"business_id":2,"created_at":"2025-05-06T12:57:15.000000Z","updated_at":"2025-05-06T12:57:15.000000Z"},{"id":25,"account_code":"324324","name":"Erfan Ali","category_id":2,"description":"sdfgsdfg","is_active":true,"created_by":1,"business_id":2,"created_at":"2025-05-06T13:00:34.000000Z","updated_at":"2025-05-06T13:00:34.000000Z"}] 
[2025-05-06 13:21:54] local.INFO: Asset categories for business 2:  
[2025-05-06 13:21:54] local.INFO: Found 1 chart accounts for business ID: 2  
[2025-05-06 13:21:54] local.INFO: All chart accounts for business 2: [{"id":24,"account_code":"20043","name":"Head Office","category_id":1,"description":"asdf","is_active":true,"created_by":1,"business_id":2,"created_at":"2025-05-06T12:57:15.000000Z","updated_at":"2025-05-06T12:57:15.000000Z"},{"id":25,"account_code":"324324","name":"Erfan Ali","category_id":2,"description":"sdfgsdfg","is_active":true,"created_by":1,"business_id":2,"created_at":"2025-05-06T13:00:34.000000Z","updated_at":"2025-05-06T13:00:34.000000Z"}] 
[2025-05-06 13:21:54] local.INFO: Asset categories for business 2:  
[2025-05-06 13:21:54] local.INFO: Found 1 chart accounts for business ID: 2  
[2025-05-06 13:21:55] local.INFO: All chart accounts for business 2: [{"id":24,"account_code":"20043","name":"Head Office","category_id":1,"description":"asdf","is_active":true,"created_by":1,"business_id":2,"created_at":"2025-05-06T12:57:15.000000Z","updated_at":"2025-05-06T12:57:15.000000Z"},{"id":25,"account_code":"324324","name":"Erfan Ali","category_id":2,"description":"sdfgsdfg","is_active":true,"created_by":1,"business_id":2,"created_at":"2025-05-06T13:00:34.000000Z","updated_at":"2025-05-06T13:00:34.000000Z"}] 
[2025-05-06 13:21:55] local.INFO: Asset categories for business 2:  
[2025-05-06 13:21:55] local.INFO: Found 1 chart accounts for business ID: 2  
[2025-05-06 13:21:55] local.INFO: All chart accounts for business 2: [{"id":24,"account_code":"20043","name":"Head Office","category_id":1,"description":"asdf","is_active":true,"created_by":1,"business_id":2,"created_at":"2025-05-06T12:57:15.000000Z","updated_at":"2025-05-06T12:57:15.000000Z"},{"id":25,"account_code":"324324","name":"Erfan Ali","category_id":2,"description":"sdfgsdfg","is_active":true,"created_by":1,"business_id":2,"created_at":"2025-05-06T13:00:34.000000Z","updated_at":"2025-05-06T13:00:34.000000Z"}] 
[2025-05-06 13:21:55] local.INFO: Asset categories for business 2:  
[2025-05-06 13:21:55] local.INFO: Found 1 chart accounts for business ID: 2  
[2025-05-06 13:21:56] local.INFO: All chart accounts for business 2: [{"id":24,"account_code":"20043","name":"Head Office","category_id":1,"description":"asdf","is_active":true,"created_by":1,"business_id":2,"created_at":"2025-05-06T12:57:15.000000Z","updated_at":"2025-05-06T12:57:15.000000Z"},{"id":25,"account_code":"324324","name":"Erfan Ali","category_id":2,"description":"sdfgsdfg","is_active":true,"created_by":1,"business_id":2,"created_at":"2025-05-06T13:00:34.000000Z","updated_at":"2025-05-06T13:00:34.000000Z"}] 
[2025-05-06 13:21:56] local.INFO: Asset categories for business 2:  
[2025-05-06 13:21:56] local.INFO: Found 1 chart accounts for business ID: 2  
[2025-05-06 13:21:56] local.INFO: All chart accounts for business 2: [{"id":24,"account_code":"20043","name":"Head Office","category_id":1,"description":"asdf","is_active":true,"created_by":1,"business_id":2,"created_at":"2025-05-06T12:57:15.000000Z","updated_at":"2025-05-06T12:57:15.000000Z"},{"id":25,"account_code":"324324","name":"Erfan Ali","category_id":2,"description":"sdfgsdfg","is_active":true,"created_by":1,"business_id":2,"created_at":"2025-05-06T13:00:34.000000Z","updated_at":"2025-05-06T13:00:34.000000Z"}] 
[2025-05-06 13:21:56] local.INFO: Asset categories for business 2:  
[2025-05-06 13:21:56] local.INFO: Found 1 chart accounts for business ID: 2  
[2025-05-06 13:21:57] local.INFO: All chart accounts for business 2: [{"id":24,"account_code":"20043","name":"Head Office","category_id":1,"description":"asdf","is_active":true,"created_by":1,"business_id":2,"created_at":"2025-05-06T12:57:15.000000Z","updated_at":"2025-05-06T12:57:15.000000Z"},{"id":25,"account_code":"324324","name":"Erfan Ali","category_id":2,"description":"sdfgsdfg","is_active":true,"created_by":1,"business_id":2,"created_at":"2025-05-06T13:00:34.000000Z","updated_at":"2025-05-06T13:00:34.000000Z"}] 
[2025-05-06 13:21:57] local.INFO: Asset categories for business 2:  
[2025-05-06 13:21:57] local.INFO: Found 1 chart accounts for business ID: 2  
[2025-05-06 13:24:21] local.INFO: All chart accounts for business 2: [{"id":24,"account_code":"20043","name":"Head Office","category_id":1,"description":"asdf","is_active":true,"created_by":1,"business_id":2,"created_at":"2025-05-06T12:57:15.000000Z","updated_at":"2025-05-06T12:57:15.000000Z"},{"id":25,"account_code":"324324","name":"Erfan Ali","category_id":2,"description":"sdfgsdfg","is_active":true,"created_by":1,"business_id":2,"created_at":"2025-05-06T13:00:34.000000Z","updated_at":"2025-05-06T13:00:34.000000Z"}] 
[2025-05-06 13:24:21] local.INFO: Asset categories for business 2:  
[2025-05-06 13:24:21] local.INFO: Found 1 chart accounts for business ID: 2  
[2025-05-06 13:24:36] local.INFO: All chart accounts for business 2: [{"id":24,"account_code":"20043","name":"Head Office","category_id":1,"description":"asdf","is_active":true,"created_by":1,"business_id":2,"created_at":"2025-05-06T12:57:15.000000Z","updated_at":"2025-05-06T12:57:15.000000Z"},{"id":25,"account_code":"324324","name":"Erfan Ali","category_id":2,"description":"sdfgsdfg","is_active":true,"created_by":1,"business_id":2,"created_at":"2025-05-06T13:00:34.000000Z","updated_at":"2025-05-06T13:00:34.000000Z"}] 
[2025-05-06 13:24:36] local.INFO: Asset categories for business 2:  
[2025-05-06 13:24:36] local.INFO: Found 1 chart accounts for business ID: 2  
[2025-05-06 13:25:37] local.INFO: All chart accounts for business 2: [{"id":24,"account_code":"20043","name":"Head Office","category_id":1,"description":"asdf","is_active":true,"created_by":1,"business_id":2,"created_at":"2025-05-06T12:57:15.000000Z","updated_at":"2025-05-06T12:57:15.000000Z"},{"id":25,"account_code":"324324","name":"Erfan Ali","category_id":2,"description":"sdfgsdfg","is_active":true,"created_by":1,"business_id":2,"created_at":"2025-05-06T13:00:34.000000Z","updated_at":"2025-05-06T13:00:34.000000Z"},{"id":26,"account_code":"324325","name":"Opening Balance Equity","category_id":6,"description":"Account for initial balances","is_active":true,"created_by":1,"business_id":2,"created_at":"2025-05-06T13:25:01.000000Z","updated_at":"2025-05-06T13:25:01.000000Z"}] 
[2025-05-06 13:25:37] local.INFO: Asset categories for business 2:  
[2025-05-06 13:25:37] local.INFO: Found 1 chart accounts for business ID: 2  
[2025-05-06 13:25:37] local.INFO: All chart accounts for business 2: [{"id":24,"account_code":"20043","name":"Head Office","category_id":1,"description":"asdf","is_active":true,"created_by":1,"business_id":2,"created_at":"2025-05-06T12:57:15.000000Z","updated_at":"2025-05-06T12:57:15.000000Z"},{"id":25,"account_code":"324324","name":"Erfan Ali","category_id":2,"description":"sdfgsdfg","is_active":true,"created_by":1,"business_id":2,"created_at":"2025-05-06T13:00:34.000000Z","updated_at":"2025-05-06T13:00:34.000000Z"},{"id":26,"account_code":"324325","name":"Opening Balance Equity","category_id":6,"description":"Account for initial balances","is_active":true,"created_by":1,"business_id":2,"created_at":"2025-05-06T13:25:01.000000Z","updated_at":"2025-05-06T13:25:01.000000Z"}] 
[2025-05-06 13:25:37] local.INFO: Asset categories for business 2:  
[2025-05-06 13:25:37] local.INFO: Found 1 chart accounts for business ID: 2  
